This is pdfeTeXk, Version 3.141592-1.30.4-2.2 (Web2C 7.5.5) (format=latex 2006.11.24)  18 DEC 2006 12:17
entering extended mode
 %&-line parsing enabled.
**book.tex
(./book.tex
LaTeX2e <2003/12/01>
Babel <v3.8g> and hyphenation patterns for english, usenglishmax, dumylang, noh
yphenation, italian, loaded.
(/usr/soft/texlive/2005/texmf-dist/tex/latex/base/book.cls
Document Class: book 2004/02/16 v1.4f Standard LaTeX document class
(/usr/soft/texlive/2005/texmf-dist/tex/latex/base/bk12.clo
File: bk12.clo 2004/02/16 v1.4f Standard LaTeX file (size option)
)
\c@part=\count79
\c@chapter=\count80
\c@section=\count81
\c@subsection=\count82
\c@subsubsection=\count83
\c@paragraph=\count84
\c@subparagraph=\count85
\c@figure=\count86
\c@table=\count87
\abovecaptionskip=\skip41
\belowcaptionskip=\skip42
\bibindent=\dimen102
)
(/usr/soft/texlive/2005/texmf-dist/tex/generic/babel/babel.sty
Package: babel 2005/05/21 v3.8g The Babel package

(/usr/soft/texlive/2005/texmf-dist/tex/generic/babel/english.ldf
Language: english 2005/03/30 v3.3o English support from the babel system

(/usr/soft/texlive/2005/texmf-dist/tex/generic/babel/babel.def
File: babel.def 2005/05/21 v3.8g Babel common definitions
\babel@savecnt=\count88
\U@D=\dimen103
)
\l@british = a dialect from \language\l@english 
\l@UKenglish = a dialect from \language\l@english 
\l@canadian = a dialect from \language\l@american 
\l@australian = a dialect from \language\l@british 
\l@newzealand = a dialect from \language\l@british 
)
(/usr/soft/texlive/2005/texmf-dist/tex/generic/babel/italian.ldf
Language: italian 2005/02/05 v1.2q Italian support from the babel system
Package babel Info: Making " an active character on input line 91.
))
(/usr/soft/texlive/2005/texmf-dist/tex/latex/base/fontenc.sty
Package: fontenc 2004/02/22 v1.99f Standard LaTeX package

(/usr/soft/texlive/2005/texmf-dist/tex/latex/base/t1enc.def
File: t1enc.def 2004/02/22 v1.99f Standard LaTeX file
LaTeX Font Info:    Redeclaring font encoding T1 on input line 43.
))
(/usr/soft/texlive/2005/texmf-dist/tex/latex/graphics/graphicx.sty
Package: graphicx 1999/02/16 v1.0f Enhanced LaTeX Graphics (DPC,SPQR)

(/usr/soft/texlive/2005/texmf-dist/tex/latex/graphics/keyval.sty
Package: keyval 1999/03/16 v1.13 key=value parser (DPC)
\KV@toks@=\toks14
)
(/usr/soft/texlive/2005/texmf-dist/tex/latex/graphics/graphics.sty
Package: graphics 2001/07/07 v1.0n Standard LaTeX Graphics (DPC,SPQR)

(/usr/soft/texlive/2005/texmf-dist/tex/latex/graphics/trig.sty
Package: trig 1999/03/16 v1.09 sin cos tan (DPC)
)
(/usr/soft/texlive/2005/texmf/tex/latex/config/graphics.cfg
File: graphics.cfg 2001/08/31 v1.1 graphics configuration of teTeX/TeXLive
)
Package graphics Info: Driver file: dvips.def on input line 80.

(/usr/soft/texlive/2005/texmf-dist/tex/latex/graphics/dvips.def
File: dvips.def 1999/02/16 v3.0i Driver-dependant file (DPC,SPQR)
))
\Gin@req@height=\dimen104
\Gin@req@width=\dimen105
)
(/usr/soft/texlive/2005/texmf-dist/tex/latex/graphics/color.sty
Package: color 1999/02/16 v1.0i Standard LaTeX Color (DPC)

(/usr/soft/texlive/2005/texmf/tex/latex/config/color.cfg
File: color.cfg 2001/08/31 v1.1 color configuration of teTeX/TeXLive
)
Package color Info: Driver file: dvips.def on input line 125.

(/usr/soft/texlive/2005/texmf-dist/tex/latex/graphics/dvipsnam.def
File: dvipsnam.def 1999/02/16 v3.0i Driver-dependant file (DPC,SPQR)
))
(/usr/soft/texlive/2005/texmf-dist/tex/latex/geometry/geometry.sty
Package: geometry 2002/07/08 v3.2 Page Geometry
\Gm@cnth=\count89
\Gm@cntv=\count90
\c@Gm@tempcnt=\count91
\Gm@bindingoffset=\dimen106
\Gm@wd@mp=\dimen107
\Gm@odd@mp=\dimen108
\Gm@even@mp=\dimen109
\Gm@dimlist=\toks15

(/usr/soft/texlive/2005/texmf-dist/tex/latex/geometry/geometry.cfg))
(/usr/soft/texlive/2005/texmf-dist/tex/latex/amslatex/amsmath.sty
Package: amsmath 2000/07/18 v2.13 AMS math features
\@mathmargin=\skip43

For additional information on amsmath, use the `?' option.
(/usr/soft/texlive/2005/texmf-dist/tex/latex/amslatex/amstext.sty
Package: amstext 2000/06/29 v2.01

(/usr/soft/texlive/2005/texmf-dist/tex/latex/amslatex/amsgen.sty
File: amsgen.sty 1999/11/30 v2.0
\@emptytoks=\toks16
\ex@=\dimen110
))
(/usr/soft/texlive/2005/texmf-dist/tex/latex/amslatex/amsbsy.sty
Package: amsbsy 1999/11/29 v1.2d
\pmbraise@=\dimen111
)
(/usr/soft/texlive/2005/texmf-dist/tex/latex/amslatex/amsopn.sty
Package: amsopn 1999/12/14 v2.01 operator names
)
\inf@bad=\count92
LaTeX Info: Redefining \frac on input line 211.
\uproot@=\count93
\leftroot@=\count94
LaTeX Info: Redefining \overline on input line 307.
\classnum@=\count95
\DOTSCASE@=\count96
LaTeX Info: Redefining \ldots on input line 379.
LaTeX Info: Redefining \dots on input line 382.
LaTeX Info: Redefining \cdots on input line 467.
\Mathstrutbox@=\box26
\strutbox@=\box27
\big@size=\dimen112
LaTeX Font Info:    Redeclaring font encoding OML on input line 567.
LaTeX Font Info:    Redeclaring font encoding OMS on input line 568.
\macc@depth=\count97
\c@MaxMatrixCols=\count98
\dotsspace@=\muskip10
\c@parentequation=\count99
\dspbrk@lvl=\count100
\tag@help=\toks17
\row@=\count101
\column@=\count102
\maxfields@=\count103
\andhelp@=\toks18
\eqnshift@=\dimen113
\alignsep@=\dimen114
\tagshift@=\dimen115
\tagwidth@=\dimen116
\totwidth@=\dimen117
\lineht@=\dimen118
\@envbody=\toks19
\multlinegap=\skip44
\multlinetaggap=\skip45
\mathdisplay@stack=\toks20
LaTeX Info: Redefining \[ on input line 2666.
LaTeX Info: Redefining \] on input line 2667.
)
(/usr/soft/texlive/2005/texmf-dist/tex/latex/amsfonts/amssymb.sty
Package: amssymb 2002/01/22 v2.2d

(/usr/soft/texlive/2005/texmf-dist/tex/latex/amsfonts/amsfonts.sty
Package: amsfonts 2001/10/25 v2.2f
\symAMSa=\mathgroup4
\symAMSb=\mathgroup5
LaTeX Font Info:    Overwriting math alphabet `\mathfrak' in version `bold'
(Font)                  U/euf/m/n --> U/euf/b/n on input line 132.
))
(/usr/soft/texlive/2005/texmf-dist/tex/latex/psnfssx/lucidabr.sty
Package: lucidabr 1999/03/29 v4.2 Lucida Bright + Lucida New Math + Lucida Expe
rt (SPQR/DPC)
LaTeX Font Info:    Redeclaring symbol font `letters' on input line 115.
LaTeX Font Info:    Overwriting symbol font `letters' in version `normal'
(Font)                  OML/cmm/m/it --> OML/hlcm/m/it on input line 115.
LaTeX Font Info:    Overwriting symbol font `letters' in version `bold'
(Font)                  OML/cmm/b/it --> OML/hlcm/m/it on input line 115.
\symmathupright=\mathgroup6
LaTeX Font Info:    Redeclaring symbol font `symbols' on input line 119.
LaTeX Font Info:    Overwriting symbol font `symbols' in version `normal'
(Font)                  OMS/cmsy/m/n --> OMS/hlcy/m/n on input line 119.
LaTeX Font Info:    Overwriting symbol font `symbols' in version `bold'
(Font)                  OMS/cmsy/b/n --> OMS/hlcy/m/n on input line 119.
LaTeX Font Info:    Redeclaring symbol font `largesymbols' on input line 120.
LaTeX Font Info:    Overwriting symbol font `largesymbols' in version `normal'
(Font)                  OMX/cmex/m/n --> OMX/hlcv/m/n on input line 120.
LaTeX Font Info:    Overwriting symbol font `largesymbols' in version `bold'
(Font)                  OMX/cmex/m/n --> OMX/hlcv/m/n on input line 120.
LaTeX Font Info:    Overwriting symbol font `letters' in version `bold'
(Font)                  OML/hlcm/m/it --> OML/hlcm/b/it on input line 122.
LaTeX Font Info:    Overwriting symbol font `mathupright' in version `bold'
(Font)                  OML/hlcm/m/n --> OML/hlcm/b/n on input line 123.
LaTeX Font Info:    Overwriting symbol font `symbols' in version `bold'
(Font)                  OMS/hlcy/m/n --> OMS/hlcy/b/n on input line 124.
\symarrows=\mathgroup7
LaTeX Font Info:    Overwriting symbol font `arrows' in version `bold'
(Font)                  LMR/hlcm/m/n --> LMR/hlcm/b/n on input line 128.
LaTeX Font Info:    Redeclaring symbol font `operators' on input line 130.
LaTeX Font Warning: Encoding `OT1' has changed to `T1' for symbol font
(Font)              `operators' in the math version `normal' on input line 130.

LaTeX Font Info:    Overwriting symbol font `operators' in version `normal'
(Font)                  OT1/cmr/m/n --> T1/hlh/m/n on input line 130.
LaTeX Font Warning: Encoding `OT1' has changed to `T1' for symbol font
(Font)              `operators' in the math version `bold' on input line 130.
LaTeX Font Info:    Overwriting symbol font `operators' in version `bold'
(Font)                  OT1/cmr/bx/n --> T1/hlh/m/n on input line 130.
LaTeX Font Info:    Overwriting symbol font `operators' in version `bold'
(Font)                  T1/hlh/m/n --> T1/hlh/b/n on input line 131.
LaTeX Font Info:    Overwriting symbol font `operators' in version `normal'
(Font)                  T1/hlh/m/n --> T1/hlh/m/n on input line 132.
LaTeX Font Info:    Redeclaring math alphabet \mathbf on input line 133.
LaTeX Font Info:    Overwriting math alphabet `\mathbf' in version `normal'
(Font)                  OT1/cmr/bx/n --> T1/hlh/b/n on input line 133.
LaTeX Font Info:    Overwriting math alphabet `\mathbf' in version `bold'
(Font)                  OT1/cmr/bx/n --> T1/hlh/b/n on input line 133.
LaTeX Font Info:    Redeclaring math alphabet \mathrm on input line 134.
LaTeX Font Info:    Redeclaring math alphabet \mathsf on input line 135.
LaTeX Font Info:    Overwriting math alphabet `\mathsf' in version `normal'
(Font)                  OT1/cmss/m/n --> T1/hls/m/n on input line 135.
LaTeX Font Info:    Overwriting math alphabet `\mathsf' in version `bold'
(Font)                  OT1/cmss/bx/n --> T1/hls/m/n on input line 135.
LaTeX Font Info:    Redeclaring math alphabet \mathit on input line 136.
LaTeX Font Info:    Overwriting math alphabet `\mathit' in version `normal'
(Font)                  OT1/cmr/m/it --> T1/hlh/m/it on input line 136.
LaTeX Font Info:    Overwriting math alphabet `\mathit' in version `bold'
(Font)                  OT1/cmr/bx/it --> T1/hlh/m/it on input line 136.
LaTeX Font Info:    Redeclaring math alphabet \mathtt on input line 137.
LaTeX Font Info:    Overwriting math alphabet `\mathtt' in version `normal'
(Font)                  OT1/cmtt/m/n --> T1/hlst/m/n on input line 137.
LaTeX Font Info:    Overwriting math alphabet `\mathtt' in version `bold'
(Font)                  OT1/cmtt/m/n --> T1/hlst/m/n on input line 137.
LaTeX Font Info:    Redeclaring math alphabet \mathfrak on input line 138.
LaTeX Font Info:    Overwriting math alphabet `\mathfrak' in version `normal'
(Font)                  U/euf/m/n --> T1/hlcf/m/n on input line 138.
LaTeX Font Info:    Overwriting math alphabet `\mathfrak' in version `bold'
(Font)                  U/euf/b/n --> T1/hlcf/m/n on input line 138.
LaTeX Font Info:    Overwriting math alphabet `\mathbf' in version `bold'
(Font)                  T1/hlh/b/n --> T1/hlh/b/n on input line 139.
LaTeX Font Info:    Overwriting math alphabet `\mathsf' in version `bold'
(Font)                  T1/hls/m/n --> T1/hls/b/n on input line 140.
LaTeX Font Info:    Overwriting math alphabet `\mathrm' in version `bold'
(Font)                  T1/hlh/m/n --> T1/hlh/b/n on input line 141.
LaTeX Font Info:    Overwriting math alphabet `\mathit' in version `bold'
(Font)                  T1/hlh/m/it --> T1/hlh/b/it on input line 142.
LaTeX Font Info:    Overwriting math alphabet `\mathtt' in version `bold'
(Font)                  T1/hlst/m/n --> T1/hlst/b/n on input line 143.
LaTeX Font Info:    Redeclaring math alphabet \mathbb on input line 144.
LaTeX Font Info:    Redeclaring math accent \vec on input line 149.
LaTeX Font Info:    Redeclaring math accent \acute on input line 161.
LaTeX Font Info:    Redeclaring math accent \grave on input line 162.
LaTeX Font Info:    Redeclaring math accent \ddot on input line 163.
LaTeX Font Info:    Redeclaring math accent \tilde on input line 164.
LaTeX Font Info:    Redeclaring math accent \bar on input line 165.
LaTeX Font Info:    Redeclaring math accent \breve on input line 166.
LaTeX Font Info:    Redeclaring math accent \check on input line 167.
LaTeX Font Info:    Redeclaring math accent \hat on input line 168.
LaTeX Font Info:    Redeclaring math accent \dot on input line 169.
LaTeX Font Info:    Redeclaring math symbol \leftrightharpoons on input line 30
8.
LaTeX Font Info:    Redeclaring math symbol \Gamma on input line 348.
LaTeX Font Info:    Redeclaring math symbol \Delta on input line 349.
LaTeX Font Info:    Redeclaring math symbol \Theta on input line 350.
LaTeX Font Info:    Redeclaring math symbol \Lambda on input line 351.
LaTeX Font Info:    Redeclaring math symbol \Xi on input line 352.
LaTeX Font Info:    Redeclaring math symbol \Pi on input line 353.
LaTeX Font Info:    Redeclaring math symbol \Sigma on input line 354.
LaTeX Font Info:    Redeclaring math symbol \Upsilon on input line 355.
LaTeX Font Info:    Redeclaring math symbol \Phi on input line 356.
LaTeX Font Info:    Redeclaring math symbol \Psi on input line 357.
LaTeX Font Info:    Redeclaring math symbol \Omega on input line 358.
LaTeX Font Info:    Redeclaring math symbol \alpha on input line 372.
LaTeX Font Info:    Redeclaring math symbol \beta on input line 373.
LaTeX Font Info:    Redeclaring math symbol \gamma on input line 374.
LaTeX Font Info:    Redeclaring math symbol \delta on input line 375.
LaTeX Font Info:    Redeclaring math symbol \epsilon on input line 376.
LaTeX Font Info:    Redeclaring math symbol \zeta on input line 377.
LaTeX Font Info:    Redeclaring math symbol \eta on input line 378.
LaTeX Font Info:    Redeclaring math symbol \theta on input line 379.
LaTeX Font Info:    Redeclaring math symbol \iota on input line 380.
LaTeX Font Info:    Redeclaring math symbol \kappa on input line 381.
LaTeX Font Info:    Redeclaring math symbol \lambda on input line 382.
LaTeX Font Info:    Redeclaring math symbol \mu on input line 383.
LaTeX Font Info:    Redeclaring math symbol \nu on input line 384.
LaTeX Font Info:    Redeclaring math symbol \xi on input line 385.
LaTeX Font Info:    Redeclaring math symbol \pi on input line 386.
LaTeX Font Info:    Redeclaring math symbol \rho on input line 387.
LaTeX Font Info:    Redeclaring math symbol \sigma on input line 388.
LaTeX Font Info:    Redeclaring math symbol \tau on input line 389.
LaTeX Font Info:    Redeclaring math symbol \upsilon on input line 390.
LaTeX Font Info:    Redeclaring math symbol \phi on input line 391.
LaTeX Font Info:    Redeclaring math symbol \chi on input line 392.
LaTeX Font Info:    Redeclaring math symbol \psi on input line 393.
LaTeX Font Info:    Redeclaring math symbol \omega on input line 394.
LaTeX Font Info:    Redeclaring math symbol \varepsilon on input line 395.
LaTeX Font Info:    Redeclaring math symbol \vartheta on input line 396.
LaTeX Font Info:    Redeclaring math symbol \varpi on input line 397.
LaTeX Font Info:    Redeclaring math symbol \varrho on input line 398.
LaTeX Font Info:    Redeclaring math symbol \varsigma on input line 399.
LaTeX Font Info:    Redeclaring math symbol \varphi on input line 400.
LaTeX Font Info:    Redeclaring math symbol \boxdot on input line 441.
LaTeX Font Info:    Redeclaring math symbol \boxplus on input line 442.
LaTeX Font Info:    Redeclaring math symbol \boxtimes on input line 443.
LaTeX Font Info:    Redeclaring math symbol \square on input line 444.
LaTeX Font Info:    Redeclaring math symbol \blacksquare on input line 445.
LaTeX Font Info:    Redeclaring math symbol \centerdot on input line 446.
LaTeX Font Info:    Redeclaring math symbol \lozenge on input line 447.
LaTeX Font Info:    Redeclaring math symbol \blacklozenge on input line 448.
LaTeX Font Info:    Redeclaring math symbol \circlearrowright on input line 449
.
LaTeX Font Info:    Redeclaring math symbol \circlearrowleft on input line 450.

LaTeX Font Info:    Redeclaring math symbol \rightleftharpoons on input line 45
1.
LaTeX Font Info:    Redeclaring math symbol \leftrightharpoons on input line 45
2.
LaTeX Font Info:    Redeclaring math symbol \boxminus on input line 453.
LaTeX Font Info:    Redeclaring math symbol \Vdash on input line 454.
LaTeX Font Info:    Redeclaring math symbol \Vvdash on input line 455.
LaTeX Font Info:    Redeclaring math symbol \vDash on input line 456.
LaTeX Font Info:    Redeclaring math symbol \twoheadrightarrow on input line 45
7.
LaTeX Font Info:    Redeclaring math symbol \twoheadleftarrow on input line 458
.
LaTeX Font Info:    Redeclaring math symbol \leftleftarrows on input line 459.
LaTeX Font Info:    Redeclaring math symbol \rightrightarrows on input line 460
.
LaTeX Font Info:    Redeclaring math symbol \upuparrows on input line 461.
LaTeX Font Info:    Redeclaring math symbol \downdownarrows on input line 462.
LaTeX Font Info:    Redeclaring math symbol \upharpoonright on input line 463.
LaTeX Font Info:    Redeclaring math symbol \downharpoonright on input line 464
.
LaTeX Font Info:    Redeclaring math symbol \upharpoonleft on input line 465.
LaTeX Font Info:    Redeclaring math symbol \downharpoonleft on input line 466.

LaTeX Font Info:    Redeclaring math symbol \rightarrowtail on input line 467.
LaTeX Font Info:    Redeclaring math symbol \leftarrowtail on input line 468.
LaTeX Font Info:    Redeclaring math symbol \leftrightarrows on input line 469.

LaTeX Font Info:    Redeclaring math symbol \rightleftarrows on input line 470.

LaTeX Font Info:    Redeclaring math symbol \Lsh on input line 471.
LaTeX Font Info:    Redeclaring math symbol \Rsh on input line 472.
LaTeX Font Info:    Redeclaring math symbol \rightsquigarrow on input line 473.

LaTeX Font Info:    Redeclaring math symbol \leftrightsquigarrow on input line 
475.
LaTeX Font Info:    Redeclaring math symbol \looparrowleft on input line 476.
LaTeX Font Info:    Redeclaring math symbol \looparrowright on input line 477.
LaTeX Font Info:    Redeclaring math symbol \circeq on input line 478.
LaTeX Font Info:    Redeclaring math symbol \succsim on input line 479.
LaTeX Font Info:    Redeclaring math symbol \gtrsim on input line 480.
LaTeX Font Info:    Redeclaring math symbol \gtrapprox on input line 481.
LaTeX Font Info:    Redeclaring math symbol \multimap on input line 482.
LaTeX Font Info:    Redeclaring math symbol \therefore on input line 485.
LaTeX Font Info:    Redeclaring math symbol \because on input line 486.
LaTeX Font Info:    Redeclaring math symbol \doteqdot on input line 487.
LaTeX Font Info:    Redeclaring math symbol \triangleq on input line 488.
LaTeX Font Info:    Redeclaring math symbol \precsim on input line 489.
LaTeX Font Info:    Redeclaring math symbol \lesssim on input line 490.
LaTeX Font Info:    Redeclaring math symbol \lessapprox on input line 491.
LaTeX Font Info:    Redeclaring math symbol \eqslantless on input line 492.
LaTeX Font Info:    Redeclaring math symbol \eqslantgtr on input line 493.
LaTeX Font Info:    Redeclaring math symbol \curlyeqprec on input line 494.
LaTeX Font Info:    Redeclaring math symbol \curlyeqsucc on input line 495.
LaTeX Font Info:    Redeclaring math symbol \preccurlyeq on input line 496.
LaTeX Font Info:    Redeclaring math symbol \leqq on input line 497.
LaTeX Font Info:    Redeclaring math symbol \leqslant on input line 498.
LaTeX Font Info:    Redeclaring math symbol \lessgtr on input line 499.
LaTeX Font Info:    Redeclaring math symbol \backprime on input line 500.
LaTeX Font Info:    Redeclaring math symbol \risingdotseq on input line 502.
LaTeX Font Info:    Redeclaring math symbol \fallingdotseq on input line 503.
LaTeX Font Info:    Redeclaring math symbol \succcurlyeq on input line 504.
LaTeX Font Info:    Redeclaring math symbol \geqq on input line 505.
LaTeX Font Info:    Redeclaring math symbol \geqslant on input line 506.
LaTeX Font Info:    Redeclaring math symbol \gtrless on input line 507.
LaTeX Font Info:    Redeclaring math symbol \vartriangleright on input line 512
.
LaTeX Font Info:    Redeclaring math symbol \vartriangleleft on input line 513.

LaTeX Font Info:    Redeclaring math symbol \trianglerighteq on input line 514.

LaTeX Font Info:    Redeclaring math symbol \trianglelefteq on input line 515.
LaTeX Font Info:    Redeclaring math symbol \bigstar on input line 516.
LaTeX Font Info:    Redeclaring math symbol \between on input line 517.
LaTeX Font Info:    Redeclaring math symbol \blacktriangledown on input line 51
8.
LaTeX Font Info:    Redeclaring math symbol \blacktriangleright on input line 5
19.
LaTeX Font Info:    Redeclaring math symbol \blacktriangleleft on input line 52
0.
LaTeX Font Info:    Redeclaring math symbol \vartriangle on input line 523.
LaTeX Font Info:    Redeclaring math symbol \blacktriangle on input line 524.
LaTeX Font Info:    Redeclaring math symbol \triangledown on input line 525.
LaTeX Font Info:    Redeclaring math symbol \eqcirc on input line 526.
LaTeX Font Info:    Redeclaring math symbol \lesseqgtr on input line 527.
LaTeX Font Info:    Redeclaring math symbol \gtreqless on input line 528.
LaTeX Font Info:    Redeclaring math symbol \lesseqqgtr on input line 529.
LaTeX Font Info:    Redeclaring math symbol \gtreqqless on input line 530.
LaTeX Font Info:    Redeclaring math symbol \Rrightarrow on input line 531.
LaTeX Font Info:    Redeclaring math symbol \Lleftarrow on input line 532.
LaTeX Font Info:    Redeclaring math symbol \veebar on input line 533.
LaTeX Font Info:    Redeclaring math symbol \barwedge on input line 534.
LaTeX Font Info:    Redeclaring math symbol \angle on input line 535.
LaTeX Font Info:    Redeclaring math symbol \measuredangle on input line 536.
LaTeX Font Info:    Redeclaring math symbol \sphericalangle on input line 537.
LaTeX Font Info:    Redeclaring math symbol \varpropto on input line 538.
LaTeX Font Info:    Redeclaring math symbol \smallsmile on input line 539.
LaTeX Font Info:    Redeclaring math symbol \smallfrown on input line 540.
LaTeX Font Info:    Redeclaring math symbol \Subset on input line 541.
LaTeX Font Info:    Redeclaring math symbol \Supset on input line 542.
LaTeX Font Info:    Redeclaring math symbol \Cup on input line 543.
LaTeX Font Info:    Redeclaring math symbol \Cap on input line 544.
LaTeX Font Info:    Redeclaring math symbol \curlywedge on input line 545.
LaTeX Font Info:    Redeclaring math symbol \curlyvee on input line 546.
LaTeX Font Info:    Redeclaring math symbol \leftthreetimes on input line 547.
LaTeX Font Info:    Redeclaring math symbol \rightthreetimes on input line 548.

LaTeX Font Info:    Redeclaring math symbol \subseteqq on input line 549.
LaTeX Font Info:    Redeclaring math symbol \supseteqq on input line 550.
LaTeX Font Info:    Redeclaring math symbol \bumpeq on input line 551.
LaTeX Font Info:    Redeclaring math symbol \Bumpeq on input line 552.
LaTeX Font Info:    Redeclaring math symbol \lll on input line 553.
LaTeX Font Info:    Redeclaring math symbol \ggg on input line 554.
LaTeX Font Info:    Redeclaring math symbol \circledS on input line 555.
LaTeX Font Info:    Redeclaring math symbol \pitchfork on input line 556.
LaTeX Font Info:    Redeclaring math symbol \dotplus on input line 557.
LaTeX Font Info:    Redeclaring math symbol \backsim on input line 558.
LaTeX Font Info:    Redeclaring math symbol \backsimeq on input line 559.
LaTeX Font Info:    Redeclaring math symbol \complement on input line 560.
LaTeX Font Info:    Redeclaring math symbol \intercal on input line 561.
LaTeX Font Info:    Redeclaring math symbol \circledcirc on input line 562.
LaTeX Font Info:    Redeclaring math symbol \circledast on input line 563.
LaTeX Font Info:    Redeclaring math symbol \circleddash on input line 564.
LaTeX Font Info:    Redeclaring math symbol \lvertneqq on input line 565.
LaTeX Font Info:    Redeclaring math symbol \gvertneqq on input line 566.
LaTeX Font Info:    Redeclaring math symbol \nleq on input line 567.
LaTeX Font Info:    Redeclaring math symbol \ngeq on input line 568.
LaTeX Font Info:    Redeclaring math symbol \nless on input line 569.
LaTeX Font Info:    Redeclaring math symbol \ngtr on input line 570.
LaTeX Font Info:    Redeclaring math symbol \nprec on input line 571.
LaTeX Font Info:    Redeclaring math symbol \nsucc on input line 572.
LaTeX Font Info:    Redeclaring math symbol \lneqq on input line 573.
LaTeX Font Info:    Redeclaring math symbol \gneqq on input line 574.
LaTeX Font Info:    Redeclaring math symbol \nleqslant on input line 575.
LaTeX Font Info:    Redeclaring math symbol \ngeqslant on input line 576.
LaTeX Font Info:    Redeclaring math symbol \lneq on input line 577.
LaTeX Font Info:    Redeclaring math symbol \gneq on input line 578.
LaTeX Font Info:    Redeclaring math symbol \npreceq on input line 579.
LaTeX Font Info:    Redeclaring math symbol \nsucceq on input line 580.
LaTeX Font Info:    Redeclaring math symbol \precnsim on input line 581.
LaTeX Font Info:    Redeclaring math symbol \succnsim on input line 582.
LaTeX Font Info:    Redeclaring math symbol \lnsim on input line 583.
LaTeX Font Info:    Redeclaring math symbol \gnsim on input line 584.
LaTeX Font Info:    Redeclaring math symbol \nleqq on input line 585.
LaTeX Font Info:    Redeclaring math symbol \ngeqq on input line 586.
LaTeX Font Info:    Redeclaring math symbol \precneqq on input line 587.
LaTeX Font Info:    Redeclaring math symbol \succneqq on input line 588.
LaTeX Font Info:    Redeclaring math symbol \precnapprox on input line 589.
LaTeX Font Info:    Redeclaring math symbol \succnapprox on input line 590.
LaTeX Font Info:    Redeclaring math symbol \lnapprox on input line 591.
LaTeX Font Info:    Redeclaring math symbol \gnapprox on input line 592.
LaTeX Font Info:    Redeclaring math symbol \nsim on input line 593.
LaTeX Font Info:    Redeclaring math symbol \ncong on input line 594.
LaTeX Font Info:    Redeclaring math symbol \diagup on input line 595.
LaTeX Font Info:    Redeclaring math symbol \diagdown on input line 596.
LaTeX Font Info:    Redeclaring math symbol \varsubsetneq on input line 597.
LaTeX Font Info:    Redeclaring math symbol \varsupsetneq on input line 598.
LaTeX Font Info:    Redeclaring math symbol \nsubseteqq on input line 599.
LaTeX Font Info:    Redeclaring math symbol \nsupseteqq on input line 600.
LaTeX Font Info:    Redeclaring math symbol \subsetneqq on input line 601.
LaTeX Font Info:    Redeclaring math symbol \supsetneqq on input line 602.
LaTeX Font Info:    Redeclaring math symbol \varsubsetneqq on input line 603.
LaTeX Font Info:    Redeclaring math symbol \varsupsetneqq on input line 604.
LaTeX Font Info:    Redeclaring math symbol \subsetneq on input line 605.
LaTeX Font Info:    Redeclaring math symbol \supsetneq on input line 606.
LaTeX Font Info:    Redeclaring math symbol \nsubseteq on input line 607.
LaTeX Font Info:    Redeclaring math symbol \nsupseteq on input line 608.
LaTeX Font Info:    Redeclaring math symbol \nparallel on input line 609.
LaTeX Font Info:    Redeclaring math symbol \nmid on input line 610.
LaTeX Font Info:    Redeclaring math symbol \nshortmid on input line 611.
LaTeX Font Info:    Redeclaring math symbol \nshortparallel on input line 612.
LaTeX Font Info:    Redeclaring math symbol \nvdash on input line 613.
LaTeX Font Info:    Redeclaring math symbol \nVdash on input line 614.
LaTeX Font Info:    Redeclaring math symbol \nvDash on input line 615.
LaTeX Font Info:    Redeclaring math symbol \nVDash on input line 616.
LaTeX Font Info:    Redeclaring math symbol \ntrianglerighteq on input line 617
.
LaTeX Font Info:    Redeclaring math symbol \ntrianglelefteq on input line 618.

LaTeX Font Info:    Redeclaring math symbol \ntriangleleft on input line 619.
LaTeX Font Info:    Redeclaring math symbol \ntriangleright on input line 620.
LaTeX Font Info:    Redeclaring math symbol \nleftarrow on input line 621.
LaTeX Font Info:    Redeclaring math symbol \nrightarrow on input line 622.
LaTeX Font Info:    Redeclaring math symbol \nLeftarrow on input line 623.
LaTeX Font Info:    Redeclaring math symbol \nRightarrow on input line 624.
LaTeX Font Info:    Redeclaring math symbol \nLeftrightarrow on input line 625.

LaTeX Font Info:    Redeclaring math symbol \nleftrightarrow on input line 626.

LaTeX Font Info:    Redeclaring math symbol \divideontimes on input line 627.
LaTeX Font Info:    Redeclaring math symbol \varnothing on input line 628.
LaTeX Font Info:    Redeclaring math symbol \nexists on input line 629.
LaTeX Font Info:    Redeclaring math symbol \Finv on input line 630.
LaTeX Font Info:    Redeclaring math symbol \Game on input line 631.
LaTeX Font Info:    Redeclaring math symbol \simeq on input line 634.
LaTeX Font Info:    Redeclaring math symbol \eqsim on input line 635.
LaTeX Font Info:    Redeclaring math symbol \beth on input line 636.
LaTeX Font Info:    Redeclaring math symbol \gimel on input line 637.
LaTeX Font Info:    Redeclaring math symbol \daleth on input line 638.
LaTeX Font Info:    Redeclaring math symbol \lessdot on input line 639.
LaTeX Font Info:    Redeclaring math symbol \gtrdot on input line 640.
LaTeX Font Info:    Redeclaring math symbol \ltimes on input line 641.
LaTeX Font Info:    Redeclaring math symbol \rtimes on input line 642.
LaTeX Font Info:    Redeclaring math symbol \shortmid on input line 643.
LaTeX Font Info:    Redeclaring math symbol \shortparallel on input line 644.
LaTeX Font Info:    Redeclaring math symbol \smallsetminus on input line 645.
LaTeX Font Info:    Redeclaring math symbol \thicksim on input line 646.
LaTeX Font Info:    Redeclaring math symbol \thickapprox on input line 647.
LaTeX Font Info:    Redeclaring math symbol \approxeq on input line 648.
LaTeX Font Info:    Redeclaring math symbol \succapprox on input line 649.
LaTeX Font Info:    Redeclaring math symbol \precapprox on input line 650.
LaTeX Font Info:    Redeclaring math symbol \curvearrowleft on input line 651.
LaTeX Font Info:    Redeclaring math symbol \curvearrowright on input line 652.

LaTeX Font Info:    Redeclaring math symbol \digamma on input line 653.
LaTeX Font Info:    Redeclaring math symbol \varkappa on input line 654.
LaTeX Font Info:    Redeclaring math symbol \Bbbk on input line 655.
LaTeX Font Info:    Redeclaring math symbol \hslash on input line 656.
LaTeX Font Info:    Redeclaring math symbol \hbar on input line 657.
LaTeX Font Info:    Redeclaring math symbol \backepsilon on input line 658.
LaTeX Font Info:    Redeclaring math symbol \dashrightarrow on input line 659.
LaTeX Font Info:    Redeclaring math symbol \dashleftarrow on input line 660.
LaTeX Font Info:    Redeclaring math delimiter \ulcorner on input line 663.
LaTeX Font Info:    Redeclaring math delimiter \urcorner on input line 664.
LaTeX Font Info:    Redeclaring math delimiter \llcorner on input line 665.
LaTeX Font Info:    Redeclaring math delimiter \lrcorner on input line 666.
)
(./bsheaders.sty
Package: bsheaders 1997/10/06 Chapter headers a la Bjarne Stroustrup
)
(/usr/soft/texlive/2005/texmf-dist/tex/latex/tools/indentfirst.sty
Package: indentfirst 1995/11/23 v1.03 Indent first paragraph (DPC)
)
(/usr/soft/texlive/2005/texmf-dist/tex/latex/float/float.sty
Package: float 2001/11/08 v1.3d Float enhancements (AL)
\c@float@type=\count104
\float@exts=\toks21
\float@box=\box28
\@float@everytoks=\toks22
\@floatcapt=\box29
)
(/usr/soft/texlive/2005/texmf-dist/tex/latex/graphics/lscape.sty
Package: lscape 2000/10/22 v3.01 Landscape Pages (DPC)
)
(/usr/soft/texlive/2005/texmf-dist/tex/latex/base/makeidx.sty
Package: makeidx 2000/03/29 v1.0m Standard LaTeX package
)
(/usr/soft/texlive/2005/texmf-dist/tex/latex/booktabs/booktabs.sty
Package: booktabs 2005/03/16 v1.6180 publication quality tables
\heavyrulewidth=\dimen119
\lightrulewidth=\dimen120
\cmidrulewidth=\dimen121
\belowrulesep=\dimen122
\belowbottomsep=\dimen123
\aboverulesep=\dimen124
\abovetopsep=\dimen125
\cmidrulesep=\dimen126
\cmidrulekern=\dimen127
\defaultaddspace=\dimen128
\@cmidla=\count105
\@cmidlb=\count106
\@aboverulesep=\dimen129
\@belowrulesep=\dimen130
\@thisruleclass=\count107
\@lastruleclass=\count108
\@thisrulewidth=\dimen131
)
\@float@every@table=\toks23
\@float@every@figure=\toks24

(./definitions.tex
LaTeX Info: Redefining \ldots on input line 12.
\unitmuskip=\muskip11
\hour=\count109
\minute=\count110
)
\@indexfile=\write3
\openout3 = `book.idx'.


Writing index file book.idx
(./book.aux (./preambolo.aux) (./prefazione.aux) (./chapter1.aux)
(./chapter2.aux) (./chapter3.aux) (./chapter4.aux) (./chapter5.aux)
(./chapter6.aux) (./chapter7.aux) (./chapter8.aux) (./chapter9.aux)
(./chapter10.aux) (./chapter11.aux) (./chapter12.aux) (./chapter13.aux)
(./chaptera.aux) (./chapterb.aux) (./chapterc.aux) (./chapterd.aux)
(./chaptere.aux) (./chapterf.aux) (./tabelle.aux))
\openout1 = `book.aux'.

LaTeX Font Info:    Checking defaults for OML/cmm/m/it on input line 189.
LaTeX Font Info:    ... okay on input line 189.
LaTeX Font Info:    Checking defaults for T1/cmr/m/n on input line 189.
LaTeX Font Info:    ... okay on input line 189.
LaTeX Font Info:    Checking defaults for OT1/cmr/m/n on input line 189.
LaTeX Font Info:    ... okay on input line 189.
LaTeX Font Info:    Checking defaults for OMS/cmsy/m/n on input line 189.
LaTeX Font Info:    ... okay on input line 189.
LaTeX Font Info:    Checking defaults for OMX/cmex/m/n on input line 189.
LaTeX Font Info:    ... okay on input line 189.
LaTeX Font Info:    Checking defaults for U/cmr/m/n on input line 189.
LaTeX Font Info:    ... okay on input line 189.
LaTeX Font Info:    Checking defaults for LGR/cmr/m/n on input line 189.
LaTeX Font Info:    Try loading font information for LGR+cmr on input line 189.


(/usr/soft/texlive/2005/texmf-dist/tex/generic/babel/lgrcmr.fd
File: lgrcmr.fd 2001/01/30 v2.2e Greek Computer Modern
)
LaTeX Font Info:    ... okay on input line 189.
LaTeX Font Info:    Checking defaults for LMR/hlcm/m/n on input line 189.
LaTeX Font Info:    Try loading font information for LMR+hlcm on input line 189
.

(/usr/soft/texlive/2005/texmf-dist/tex/latex/psnfssx/lmrhlcm.fd
File: lmrhlcm.fd 1997/09/07 v4.2 Lucida New Math Arrows (SPQR/DPC)
)
LaTeX Font Info:    ... okay on input line 189.
LaTeX Font Info:    Try loading font information for T1+hlh on input line 189.

(/usr/soft/texlive/2005/texmf-dist/tex/latex/lucida/t1hlh.fd
File: t1hlh.fd 2003/01/04 Fontinst v1.914 font definitions for T1/hlh.
)
LaTeX Font Info:    Font shape `T1/hlh/m/n' will be
(Font)              scaled to size 10.56006pt on input line 189.
-------------------- Geometry parameters
paper: a4paper
landscape: --
twocolumn: --
twoside: true
asymmetric: --
h-parts: 103.85255pt, 389.80275pt, 103.85257pt
v-parts: 126.75832pt, 0.7\paperheight , 126.75833pt (default)
hmarginratio: 1:1
vmarginratio: 1:1
lines: --
heightrounded: --
bindingoffset: 0.0pt
truedimen: --
includehead: --
includefoot: --
includemp: --
driver: 
-------------------- Page layout dimensions and switches
\paperwidth  597.50787pt
\paperheight 845.04684pt
\textwidth  389.80275pt
\textheight 591.5302pt
\oddsidemargin  31.58257pt
\evensidemargin 31.58258pt
\topmargin  22.61453pt
\headheight 12.0pt
\headsep    19.8738pt
\footskip   30.0pt
\marginparwidth 0.0pt
\marginparsep   0.0pt
\columnsep  10.0pt
\skip\footins  10.8pt plus 4.0pt minus 2.0pt
\hoffset 0.0pt
\voffset 0.0pt
\mag 1000
\@twosidetrue \@mparswitchtrue 
(1in=72.27pt, 1cm=28.45pt)
-----------------------
\openout2 = `preambolo.aux'.

 (./preambolo.tex
LaTeX Font Info:    Try loading font information for T1+psv on input line 5.

(/usr/soft/texlive/texmf-local/tex/latex/local/souvenir/t1psv.fd
File: T1psv.fd 1995/03/20 Fontinst v1.335 font definitions for T1/psv.
)
LaTeX Font Info:    Font shape `T1/psv/b/n' will be
(Font)              scaled to size 17.28012pt on input line 5.
LaTeX Font Info:    Font shape `T1/psv/m/n' will be
(Font)              scaled to size 13.4401pt on input line 7.
LaTeX Font Info:    Font shape `T1/psv/b/n' will be
(Font)              scaled to size 35.52025pt on input line 11.
LaTeX Font Info:    Font shape `T1/psv/b/n' will be
(Font)              scaled to size 19.20013pt on input line 14.
File: bo.eps.gz Graphic file (type eps)
 <bo.eps.gz>
[1



]
LaTeX Font Info:    Font shape `T1/hlh/m/n' will be
(Font)              scaled to size 8.99994pt on input line 24.
LaTeX Font Info:    Font shape `T1/hlh/m/it' will be
(Font)              scaled to size 8.99994pt on input line 24.
LaTeX Font Info:    Font shape `T1/hlh/m/n' will be
(Font)              scaled to size 6.58002pt on input line 26.
LaTeX Font Info:    Font shape `T1/hlh/m/n' will be
(Font)              scaled to size 4.89998pt on input line 26.
LaTeX Font Info:    Try loading font information for OML+hlcm on input line 26.

 (/usr/soft/texlive/2005/texmf-dist/tex/latex/psnfssx/omlhlcm.fd
File: omlhlcm.fd 1997/09/07 v4.2 Lucida New Math Italic (SPQR/DPC)
)
LaTeX Font Info:    Font shape `OML/hlcm/m/it' will be
(Font)              scaled to size 8.99994pt on input line 26.
LaTeX Font Info:    Font shape `OML/hlcm/m/it' will be
(Font)              scaled to size 6.58002pt on input line 26.
LaTeX Font Info:    Font shape `OML/hlcm/m/it' will be
(Font)              scaled to size 4.89998pt on input line 26.
LaTeX Font Info:    Try loading font information for OMS+hlcy on input line 26.


(/usr/soft/texlive/2005/texmf-dist/tex/latex/psnfssx/omshlcy.fd
File: omshlcy.fd 1997/09/07 v4.2 Lucida New Math Symbols (SPQR/DPC)
)
LaTeX Font Info:    Font shape `OMS/hlcy/m/n' will be
(Font)              scaled to size 8.99994pt on input line 26.
LaTeX Font Info:    Font shape `OMS/hlcy/m/n' will be
(Font)              scaled to size 6.58002pt on input line 26.
LaTeX Font Info:    Font shape `OMS/hlcy/m/n' will be
(Font)              scaled to size 4.89998pt on input line 26.
LaTeX Font Info:    Try loading font information for OMX+hlcv on input line 26.


(/usr/soft/texlive/2005/texmf-dist/tex/latex/psnfssx/omxhlcv.fd
File: omxhlcv.fd 1997/09/07 v4.2 Lucida New Math Extension (SPQR/DPC)
)
LaTeX Font Info:    Font shape `OMX/hlcv/m/n' will be
(Font)              scaled to size 8.99994pt on input line 26.
LaTeX Font Info:    Font shape `OMX/hlcv/m/n' will be
(Font)              scaled to size 6.58002pt on input line 26.
LaTeX Font Info:    Font shape `OMX/hlcv/m/n' will be
(Font)              scaled to size 4.89998pt on input line 26.
LaTeX Font Info:    Try loading font information for U+msa on input line 26.

(/usr/soft/texlive/2005/texmf-dist/tex/latex/amsfonts/umsa.fd
File: umsa.fd 2002/01/19 v2.2g AMS font definitions
)
LaTeX Font Info:    Try loading font information for U+msb on input line 26.

(/usr/soft/texlive/2005/texmf-dist/tex/latex/amsfonts/umsb.fd
File: umsb.fd 2002/01/19 v2.2g AMS font definitions
)
LaTeX Font Info:    Font shape `OML/hlcm/m/n' will be
(Font)              scaled to size 8.99994pt on input line 26.
LaTeX Font Info:    Font shape `OML/hlcm/m/n' will be
(Font)              scaled to size 6.58002pt on input line 26.
LaTeX Font Info:    Font shape `OML/hlcm/m/n' will be
(Font)              scaled to size 4.89998pt on input line 26.
LaTeX Font Info:    Font shape `LMR/hlcm/m/n' will be
(Font)              scaled to size 8.99994pt on input line 26.
LaTeX Font Info:    Font shape `LMR/hlcm/m/n' will be
(Font)              scaled to size 6.58002pt on input line 26.
LaTeX Font Info:    Font shape `LMR/hlcm/m/n' will be
(Font)              scaled to size 4.89998pt on input line 26.
LaTeX Font Info:    Font shape `T1/hlh/m/it' will be
(Font)              scaled to size 6.58002pt on input line 26.
LaTeX Font Info:    Try loading font information for OMS+hlh on input line 30.

(/usr/soft/texlive/2005/texmf-dist/tex/latex/psnfssx/omshlh.fd
File: omshlh.fd 1997/09/07 v4.2 Lucida Bright (SPQR/DPC)
)
LaTeX Font Info:    Font shape `OMS/hlh/m/it' in size <7> not available
(Font)              Font shape `OMS/hlcy/m/n' tried instead on input line 30.
LaTeX Font Info:    Font shape `OMS/hlcy/m/n' will be
(Font)              scaled to size 6.58002pt on input line 30.
LaTeX Font Info:    Font shape `OMS/hlh/m/n' in size <7> not available
(Font)              Font shape `OMS/hlcy/m/n' tried instead on input line 30.
LaTeX Font Info:    Font shape `OMS/hlcy/m/n' will be
(Font)              scaled to size 6.58002pt on input line 30.
LaTeX Font Info:    Font shape `T1/hlh/b/n' will be
(Font)              scaled to size 10.56006pt on input line 36.
LaTeX Font Info:    Font shape `T1/hlh/b/n' will be
(Font)              scaled to size 20.89911pt on input line 37.
LaTeX Font Info:    Font shape `T1/hlh/b/n' will be
(Font)              scaled to size 14.86081pt on input line 38.
LaTeX Font Info:    Font shape `T1/hlh/b/n' will be
(Font)              scaled to size 12.52792pt on input line 40.
LaTeX Font Info:    Font shape `T1/hlh/m/n' will be
(Font)              scaled to size 12.52792pt on input line 40.
LaTeX Font Info:    Try loading font information for T1+hlst on input line 40.

(/usr/soft/texlive/2005/texmf-dist/tex/latex/lucida/t1hlst.fd
File: t1hlst.fd 2003/01/04 Fontinst v1.914 font definitions for T1/hlst.
)
LaTeX Font Info:    Font shape `T1/hlst/m/n' will be
(Font)              scaled to size 12.52792pt on input line 40.
LaTeX Font Info:    Font shape `T1/hlh/m/n' will be
(Font)              scaled to size 14.86081pt on input line 45.
LaTeX Font Info:    Font shape `T1/hlh/m/it' will be
(Font)              scaled to size 14.86081pt on input line 45.
LaTeX Font Info:    Font shape `T1/hlh/m/n' will be
(Font)              scaled to size 9.74548pt on input line 47.
LaTeX Font Info:    Font shape `OMS/hlh/m/n' in size <10.95> not available
(Font)              Font shape `OMS/hlcy/m/n' tried instead on input line 47.
LaTeX Font Info:    Font shape `OMS/hlcy/m/n' will be
(Font)              scaled to size 9.74548pt on input line 47.
LaTeX Font Info:    Font shape `T1/hlh/m/n' will be
(Font)              scaled to size 7.35999pt on input line 49.
LaTeX Font Info:    Font shape `T1/hlh/m/n' will be
(Font)              scaled to size 5.76004pt on input line 49.
LaTeX Font Info:    Font shape `OML/hlcm/m/it' will be
(Font)              scaled to size 9.74548pt on input line 49.
LaTeX Font Info:    Font shape `OML/hlcm/m/it' will be
(Font)              scaled to size 7.35999pt on input line 49.
LaTeX Font Info:    Font shape `OML/hlcm/m/it' will be
(Font)              scaled to size 5.76004pt on input line 49.
LaTeX Font Info:    Font shape `OMS/hlcy/m/n' will be
(Font)              scaled to size 7.35999pt on input line 49.
LaTeX Font Info:    Font shape `OMS/hlcy/m/n' will be
(Font)              scaled to size 5.76004pt on input line 49.
LaTeX Font Info:    Font shape `OMX/hlcv/m/n' will be
(Font)              scaled to size 9.74548pt on input line 49.
LaTeX Font Info:    Font shape `OMX/hlcv/m/n' will be
(Font)              scaled to size 7.35999pt on input line 49.
LaTeX Font Info:    Font shape `OMX/hlcv/m/n' will be
(Font)              scaled to size 5.76004pt on input line 49.
LaTeX Font Info:    Font shape `OML/hlcm/m/n' will be
(Font)              scaled to size 9.74548pt on input line 49.
LaTeX Font Info:    Font shape `OML/hlcm/m/n' will be
(Font)              scaled to size 7.35999pt on input line 49.
LaTeX Font Info:    Font shape `OML/hlcm/m/n' will be
(Font)              scaled to size 5.76004pt on input line 49.
LaTeX Font Info:    Font shape `LMR/hlcm/m/n' will be
(Font)              scaled to size 9.74548pt on input line 49.
LaTeX Font Info:    Font shape `LMR/hlcm/m/n' will be
(Font)              scaled to size 7.35999pt on input line 49.
LaTeX Font Info:    Font shape `LMR/hlcm/m/n' will be
(Font)              scaled to size 5.76004pt on input line 49.
LaTeX Font Info:    Font shape `T1/hlst/m/n' will be
(Font)              scaled to size 9.74548pt on input line 51.
 [2

]
LaTeX Font Info:    Font shape `T1/hlh/m/n' will be
(Font)              scaled to size 20.89911pt on input line 58.
LaTeX Font Info:    Try loading font information for T1+hls on input line 58.

(/usr/soft/texlive/2005/texmf-dist/tex/latex/lucida/t1hls.fd
File: t1hls.fd 2003/01/04 Fontinst v1.914 font definitions for T1/hls.
)
LaTeX Font Info:    Font shape `T1/hls/m/n' will be
(Font)              scaled to size 20.89911pt on input line 58.
LaTeX Font Info:    Font shape `T1/hls/b/n' will be
(Font)              scaled to size 20.89911pt on input line 58.
 (./book.toc
LaTeX Font Info:    Font shape `OML/hlcm/m/it' will be
(Font)              scaled to size 10.56006pt on input line 6.
LaTeX Font Info:    Font shape `OMS/hlcy/m/n' will be
(Font)              scaled to size 10.56006pt on input line 6.
LaTeX Font Info:    Font shape `OMX/hlcv/m/n' will be
(Font)              scaled to size 10.56006pt on input line 6.
LaTeX Font Info:    Font shape `OML/hlcm/m/n' will be
(Font)              scaled to size 10.56006pt on input line 6.
LaTeX Font Info:    Font shape `LMR/hlcm/m/n' will be
(Font)              scaled to size 10.56006pt on input line 6.

[1


]
LaTeX Font Info:    Font shape `T1/hlh/m/sc' will be
(Font)              scaled to size 10.56006pt on input line 64.
 [2] [3] [4]
LaTeX Font Info:    Font shape `T1/hlh/m/it' will be
(Font)              scaled to size 10.56006pt on input line 164.
 [5])
\tf@toc=\write4
\openout4 = `book.toc'.

 [6] (./book.lof [7


])
\tf@lof=\write5
\openout5 = `book.lof'.

) [8]
\openout2 = `prefazione.aux'.

 (./prefazione.tex [9



] [10])
[11

] [12


]
LaTeX Font Info:    Try loading font information for T1+hlcn on input line 199.

 (/usr/soft/texlive/2005/texmf-dist/tex/latex/lucida/t1hlcn.fd
File: t1hlcn.fd 2003/01/04 Fontinst v1.914 font definitions for T1/hlcn.
)
LaTeX Font Info:    Font shape `T1/hlcn/m/it' will be
(Font)              scaled to size 10.56006pt on input line 199.
LaTeX Font Info:    Font shape `T1/hlcn/m/it' will be
(Font)              scaled to size 8.99994pt on input line 203.

[13] [14

]
\openout2 = `chapter1.aux'.

 (./chapter1.tex
Capitolo 1.
LaTeX Font Info:    Font shape `T1/hls/m/n' will be
(Font)              scaled to size 14.86081pt on input line 43.
LaTeX Font Info:    Font shape `T1/hls/b/n' will be
(Font)              scaled to size 14.86081pt on input line 43.
[1



]
LaTeX Font Info:    Font shape `OMS/hlh/m/n' in size <12> not available
(Font)              Font shape `OMS/hlcy/m/n' tried instead on input line 55.
LaTeX Font Info:    Font shape `OMS/hlcy/m/n' will be
(Font)              scaled to size 10.56006pt on input line 55.
 [2]) [3]
\openout2 = `chapter2.aux'.

 (./chapter2.tex [4



]
Capitolo 2.
[5] [6] [7] [8] [9] [10] [11] [12] [13] [14] [15] [16]
LaTeX Font Info:    Font shape `T1/hlh/b/it' will be
(Font)              scaled to size 10.56006pt on input line 690.
 [17]) [18]
\openout2 = `chapter3.aux'.


(./chapter3.tex
Capitolo 3.
[19



] [20]
LaTeX Font Info:    Font shape `T1/hls/m/n' will be
(Font)              scaled to size 12.52792pt on input line 166.
LaTeX Font Info:    Font shape `T1/hls/b/n' will be
(Font)              scaled to size 12.52792pt on input line 166.
 [21] [22] [23] [24] [25] [26] [27] [28]) [29]
\openout2 = `chapter4.aux'.

 (./chapter4.tex
[30



]
Capitolo 4.
[31] (./isto.pstex_t
File: isto.pstex Graphic file (type eps)
 <isto.pstex>) [32] (./cumul.pstex_t
File: cumul.pstex Graphic file (type eps)
 <cumul.pstex>)
[33] [34] (./modes.pstex_t
File: modes.pstex Graphic file (type eps)
 <modes.pstex>) [35] [36] [37] [38] (./maxbol.pstex_t
File: maxbol.pstex Graphic file (type eps)
<maxbol.pstex>) [39] [40] [41] [42] [43] [44]) [45]
\openout2 = `chapter5.aux'.

 (./chapter5.tex [46



]
Capitolo 5.
[47] [48] [49] [50] [51] [52] [53] [54] [55] [56] [57] [58] [59] [60] [61]
[62]) [63]
\openout2 = `chapter6.aux'.

 (./chapter6.tex [64



]
Capitolo 6.
(./istgau.pstex_t
File: istgau.pstex Graphic file (type eps)
 <istgau.pstex>) [65] [66] [67] [68] [69] [70] [71] [72]
[73] [74] [75] [76] [77] [78]) [79]
\openout2 = `chapter7.aux'.

 (./chapter7.tex [80



]
Capitolo 7.
[81] [82] [83] [84] [85]
LaTeX Font Info:    Font shape `OML/hlcm/m/it' will be
(Font)              scaled to size 12.52792pt on input line 259.
LaTeX Font Info:    Font shape `OMS/hlcy/m/n' will be
(Font)              scaled to size 12.52792pt on input line 259.
LaTeX Font Info:    Font shape `OMX/hlcv/m/n' will be
(Font)              scaled to size 12.52792pt on input line 259.
LaTeX Font Info:    Font shape `OML/hlcm/m/n' will be
(Font)              scaled to size 12.52792pt on input line 259.
LaTeX Font Info:    Font shape `LMR/hlcm/m/n' will be
(Font)              scaled to size 12.52792pt on input line 259.
LaTeX Font Info:    Font shape `T1/hlh/b/n' will be
(Font)              scaled to size 8.99994pt on input line 259.
LaTeX Font Info:    Font shape `T1/hlh/b/n' will be
(Font)              scaled to size 6.58002pt on input line 259.
LaTeX Font Info:    Font shape `OML/hlcm/b/it' will be
(Font)              scaled to size 12.52792pt on input line 259.
LaTeX Font Info:    Font shape `OML/hlcm/b/it' will be
(Font)              scaled to size 8.99994pt on input line 259.
LaTeX Font Info:    Font shape `OML/hlcm/b/it' will be
(Font)              scaled to size 6.58002pt on input line 259.
LaTeX Font Info:    Font shape `OMS/hlcy/b/n' will be
(Font)              scaled to size 12.52792pt on input line 259.
LaTeX Font Info:    Font shape `OMS/hlcy/b/n' will be
(Font)              scaled to size 8.99994pt on input line 259.
LaTeX Font Info:    Font shape `OMS/hlcy/b/n' will be
(Font)              scaled to size 6.58002pt on input line 259.
LaTeX Font Info:    Font shape `OML/hlcm/b/n' will be
(Font)              scaled to size 12.52792pt on input line 259.
LaTeX Font Info:    Font shape `OML/hlcm/b/n' will be
(Font)              scaled to size 8.99994pt on input line 259.
LaTeX Font Info:    Font shape `OML/hlcm/b/n' will be
(Font)              scaled to size 6.58002pt on input line 259.
LaTeX Font Info:    Font shape `LMR/hlcm/b/n' will be
(Font)              scaled to size 12.52792pt on input line 259.
LaTeX Font Info:    Font shape `LMR/hlcm/b/n' will be
(Font)              scaled to size 8.99994pt on input line 259.
LaTeX Font Info:    Font shape `LMR/hlcm/b/n' will be
(Font)              scaled to size 6.58002pt on input line 259.
 [86] [87] [88] [89] [90]) [91]
\openout2 = `chapter8.aux'.

 (./chapter8.tex
[92



]
Capitolo 8.
[93] (./polar.pstex_t
File: polar.pstex Graphic file (type eps)
 <polar.pstex>) [94] [95] (./riget.pstex_t
File: riget.pstex Graphic file (type eps)
 <riget.pstex>
LaTeX Font Info:    Font shape `T1/hlh/m/n' will be
(Font)              scaled to size 8.19003pt on input line 15.
)
[96] [97] [98] [99] (./gauss.pstex_t
File: gauss.pstex Graphic file (type eps)
 <gauss.pstex>) [100] [101] [102] [103]
(./cauchy.pstex_t
File: cauchy.pstex Graphic file (type eps)
 <cauchy.pstex>) [104] [105] [106] [107] [108] [109]
(./binom.pstex_t
File: binom.pstex Graphic file (type eps)
 <binom.pstex>) [110] [111] [112] [113] [114] [115] [116]
[117] [118] (./poisson.pstex_t
File: poisson.pstex Graphic file (type eps)
 <poisson.pstex>) [119] [120] [121] [122]
[123] [124] [125] [126] [127] [128] [129] [130] (./poisint.pstex_t
File: poisint.pstex Graphic file (type eps)

<poisint.pstex>
LaTeX Font Info:    Font shape `T1/hlh/m/n' will be
(Font)              scaled to size 9.79pt on input line 24.
) [131] [132] (./lognor.pstex_t
File: lognor.pstex Graphic file (type eps)
 <lognor.pstex>)
(./bigau2.pstex_t
File: bigau2.pstex Graphic file (type eps)
 <bigau2.pstex>
LaTeX Font Info:    Font shape `T1/hlh/m/n' will be
(Font)              scaled to size 12.17993pt on input line 15.
) [133] [134] (./bigau1.pstex_t
File: bigau1.pstex Graphic file (type eps)
 <bigau1.pstex>) [135] [136] (./bigau3.pstex_t
File: bigau3.pstex Graphic file (type eps)
 <bigau3.pstex>) [137]) [138] [139]
\openout2 = `chapter9.aux'.


(./chapter9.tex [140



]
Capitolo 9.
[141] (./trigau.pstex_t
File: trigau.pstex Graphic file (type eps)
 <trigau.pstex>) [142] [143] [144] [145] [146]
(./tremis.pstex_t
File: tremis.pstex Graphic file (type eps)
 <tremis.pstex>) [147] [148]
LaTeX Font Info:    Font shape `OML/hlcm/m/it' will be
(Font)              scaled to size 14.86081pt on input line 413.
LaTeX Font Info:    Font shape `OMS/hlcy/m/n' will be
(Font)              scaled to size 14.86081pt on input line 413.
LaTeX Font Info:    Font shape `OMX/hlcv/m/n' will be
(Font)              scaled to size 14.86081pt on input line 413.
LaTeX Font Info:    Font shape `OML/hlcm/m/n' will be
(Font)              scaled to size 14.86081pt on input line 413.
LaTeX Font Info:    Font shape `LMR/hlcm/m/n' will be
(Font)              scaled to size 14.86081pt on input line 413.
LaTeX Font Info:    Font shape `OML/hlcm/b/it' will be
(Font)              scaled to size 14.86081pt on input line 413.
LaTeX Font Info:    Font shape `OML/hlcm/b/it' will be
(Font)              scaled to size 10.56006pt on input line 413.
LaTeX Font Info:    Font shape `OMS/hlcy/b/n' will be
(Font)              scaled to size 14.86081pt on input line 413.
LaTeX Font Info:    Font shape `OMS/hlcy/b/n' will be
(Font)              scaled to size 10.56006pt on input line 413.
LaTeX Font Info:    Font shape `OML/hlcm/b/n' will be
(Font)              scaled to size 14.86081pt on input line 413.
LaTeX Font Info:    Font shape `OML/hlcm/b/n' will be
(Font)              scaled to size 10.56006pt on input line 413.
LaTeX Font Info:    Font shape `LMR/hlcm/b/n' will be
(Font)              scaled to size 14.86081pt on input line 413.
LaTeX Font Info:    Font shape `LMR/hlcm/b/n' will be
(Font)              scaled to size 10.56006pt on input line 413.
 [149] [150] [151] [152] [153]
[154] [155] [156] [157] [158]) [159]
\openout2 = `chapter10.aux'.

 (./chapter10.tex [160



]
Capitolo 10.
[161] [162] [163] [164] [165]) [166]
\openout2 = `chapter11.aux'.

 (./chapter11.tex
Capitolo 11.
[167



] (./stime.pstex_t
File: stime.pstex Graphic file (type eps)
 <stime.pstex>) [168] [169] [170] [171] [172] [173]
LaTeX Font Info:    Font shape `T1/hlh/m/sl' will be
(Font)              scaled to size 10.56006pt on input line 411.

[174] [175] [176] [177] [178] [179] [180] [181] [182] [183] [184] [185]
[186] [187]
LaTeX Font Info:    Font shape `T1/hlh/b/n' will be
(Font)              scaled to size 7.35999pt on input line 1293.
LaTeX Font Info:    Font shape `T1/hlh/b/n' will be
(Font)              scaled to size 5.76004pt on input line 1293.
LaTeX Font Info:    Font shape `OML/hlcm/b/it' will be
(Font)              scaled to size 7.35999pt on input line 1293.
LaTeX Font Info:    Font shape `OML/hlcm/b/it' will be
(Font)              scaled to size 5.76004pt on input line 1293.
LaTeX Font Info:    Font shape `OMS/hlcy/b/n' will be
(Font)              scaled to size 7.35999pt on input line 1293.
LaTeX Font Info:    Font shape `OMS/hlcy/b/n' will be
(Font)              scaled to size 5.76004pt on input line 1293.
LaTeX Font Info:    Font shape `OML/hlcm/b/n' will be
(Font)              scaled to size 7.35999pt on input line 1293.
LaTeX Font Info:    Font shape `OML/hlcm/b/n' will be
(Font)              scaled to size 5.76004pt on input line 1293.
LaTeX Font Info:    Font shape `LMR/hlcm/b/n' will be
(Font)              scaled to size 7.35999pt on input line 1293.
LaTeX Font Info:    Font shape `LMR/hlcm/b/n' will be
(Font)              scaled to size 5.76004pt on input line 1293.
 [188] [189] [190] [191] [192] [193]) [194]
\openout2 = `chapter12.aux'.

 (./chapter12.tex
Capitolo 12.
[195



] (./chi.pstex_t
File: chi.pstex Graphic file (type eps)
 <chi.pstex>) [196] [197] [198] [199] [200] [201] [202]
[203] [204] (./chicdf.pstex_t
File: chicdf.pstex Graphic file (type eps)
 <chicdf.pstex>
LaTeX Font Info:    Font shape `T1/hlh/m/n' will be
(Font)              scaled to size 14.62001pt on input line 21.
LaTeX Font Info:    Calculating math sizes for size <17> on input line 21.
LaTeX Font Info:    Font shape `T1/hlh/m/n' will be
(Font)              scaled to size 10.472pt on input line 21.
LaTeX Font Info:    Font shape `T1/hlh/m/n' will be
(Font)              scaled to size 7.73503pt on input line 21.
LaTeX Font Info:    Font shape `OML/hlcm/m/it' will be
(Font)              scaled to size 14.62001pt on input line 21.
LaTeX Font Info:    Font shape `OML/hlcm/m/it' will be
(Font)              scaled to size 10.472pt on input line 21.
LaTeX Font Info:    Font shape `OML/hlcm/m/it' will be
(Font)              scaled to size 7.73503pt on input line 21.
LaTeX Font Info:    Font shape `OMS/hlcy/m/n' will be
(Font)              scaled to size 14.62001pt on input line 21.
LaTeX Font Info:    Font shape `OMS/hlcy/m/n' will be
(Font)              scaled to size 10.472pt on input line 21.
LaTeX Font Info:    Font shape `OMS/hlcy/m/n' will be
(Font)              scaled to size 7.73503pt on input line 21.
LaTeX Font Info:    Font shape `OMX/hlcv/m/n' will be
(Font)              scaled to size 14.62001pt on input line 21.
LaTeX Font Info:    Font shape `OMX/hlcv/m/n' will be
(Font)              scaled to size 10.472pt on input line 21.
LaTeX Font Info:    Font shape `OMX/hlcv/m/n' will be
(Font)              scaled to size 7.73503pt on input line 21.
LaTeX Font Warning: Font shape `U/msa/m/n' in size <8.5> not available
(Font)              size <8> substituted on input line 21.
LaTeX Font Warning: Font shape `U/msb/m/n' in size <8.5> not available
(Font)              size <8> substituted on input line 21.
LaTeX Font Info:    Font shape `OML/hlcm/m/n' will be
(Font)              scaled to size 14.62001pt on input line 21.
LaTeX Font Info:    Font shape `OML/hlcm/m/n' will be
(Font)              scaled to size 10.472pt on input line 21.
LaTeX Font Info:    Font shape `OML/hlcm/m/n' will be
(Font)              scaled to size 7.73503pt on input line 21.
LaTeX Font Info:    Font shape `LMR/hlcm/m/n' will be
(Font)              scaled to size 14.62001pt on input line 21.
LaTeX Font Info:    Font shape `LMR/hlcm/m/n' will be
(Font)              scaled to size 10.472pt on input line 21.
LaTeX Font Info:    Font shape `LMR/hlcm/m/n' will be
(Font)              scaled to size 7.73503pt on input line 21.
) (./chirid.pstex_t
File: chirid.pstex Graphic file (type eps)
 <chirid.pstex>) [205] [206] [207] [208] [209] [210] [211] (./scat.pstex_t
File: scat.pstex Graphic file (type eps)
 <scat.pstex>)
[212] [213] [214] [215] [216] (./student.pstex_t
File: student.pstex Graphic file (type eps)
 <student.pstex>) [217]
[218] [219] [220] [221] [222] [223] [224] [225]) [226]
\openout2 = `chapter13.aux'.

 (./chapter13.tex
Capitolo 13.
[227



] [228] [229] (./duegau.pstex_t
File: duegau.pstex Graphic file (type eps)
 <duegau.pstex>) [230] [231] [232] [233]
[234] [235] [236] [237] [238] [239] [240] [241]) [242]
\openout2 = `chaptera.aux'.

 (./chaptera.tex
Appendice A.
[243



] [244] [245] [246]) [247]
\openout2 = `chapterb.aux'.

 (./chapterb.tex [248



]
Appendice B.
[249] [250] [251] [252] [253]) [254]
\openout2 = `chapterc.aux'.

 (./chapterc.tex
Appendice C.
[255



] [256] [257] [258] [259] [260] [261] [262] [263] [264] [265] [266]
[267] [268] [269]
LaTeX Font Info:    Font shape `T1/hls/b/it' will be
(Font)              scaled to size 12.52792pt on input line 887.
 (./runfig.pstex_t
File: runfig.pstex Graphic file (type eps)
 <runfig.pstex>) [270] [271] [272] [273]
[274]) [275]
\openout2 = `chapterd.aux'.

 (./chapterd.tex [276



]
Appendice D.
LaTeX Font Info:    Font shape `T1/hlh/b/n' will be
(Font)              scaled to size 4.89998pt on input line 33.
[277] [278] [279] [280] [281]) [282]
\openout2 = `chaptere.aux'.

 (./chaptere.tex
Appendice E.
[283



] [284] [285] [286] [287] [288] [289] [290]) [291]
\openout2 = `chapterf.aux'.

 (./chapterf.tex [292



]
Appendice F.
LaTeX Font Info:    Font shape `T1/hlst/m/n' will be
(Font)              scaled to size 8.99994pt on input line 8.
[293] [294]
LaTeX Font Info:    Font shape `T1/hlh/m/sc' will be
(Font)              scaled to size 14.86081pt on input line 97.
 [295] [296] [297] [298] [299] [300]
LaTeX Font Info:    Font shape `T1/hlst/m/n' will be
(Font)              scaled to size 10.56006pt on input line 431.
 [301] [302] [303] [304]
[305] [306] [307] [308] [309]) [310]
\openout2 = `tabelle.aux'.

 (./tabelle.tex
Appendice G.
[311



] [312] (./tabout.tex [313

] [314

] [315

] [316

] [317

] [318

] [319


] [320

]
[321

])) [322



]
Appendice H.
[323

] [324] [325

] [326

] (./book.ind
LaTeX Font Info:    Font shape `T1/hlh/b/n' will be
(Font)              scaled to size 9.74548pt on input line 2.
LaTeX Font Info:    Font shape `T1/hlh/m/it' will be
(Font)              scaled to size 9.74548pt on input line 4.
 [327

] [328] [329] [330] [331

]) (./book.aux
(./preambolo.aux) (./prefazione.aux) (./chapter1.aux) (./chapter2.aux)
(./chapter3.aux) (./chapter4.aux) (./chapter5.aux) (./chapter6.aux)
(./chapter7.aux) (./chapter8.aux) (./chapter9.aux) (./chapter10.aux)
(./chapter11.aux) (./chapter12.aux) (./chapter13.aux) (./chaptera.aux)
(./chapterb.aux) (./chapterc.aux) (./chapterd.aux) (./chaptere.aux)
(./chapterf.aux) (./tabelle.aux))
LaTeX Font Warning: Size substitutions with differences
(Font)              up to 0.5pt have occurred.
 ) 
Here is how much of TeX's memory you used:
 3751 strings out of 95209
 55995 string characters out of 1184797
 107615 words of memory out of 1500000
 6541 multiletter control sequences out of 10000+50000
 73879 words of font info for 176 fonts, out of 1000000 for 2000
 28 hyphenation exceptions out of 8191
 31i,20n,24p,418b,417s stack positions out of 5000i,500n,6000p,200000b,5000s

Output written on book.dvi (347 pages, 1098344 bytes).
